<?xml version="1.0" encoding="UTF-8"?>
<!-- Generated by org.testng.reporters.JUnitReportReporter -->
<testsuite hostname="DESKTOP-EF12HFD" failures="0" tests="5" name="Tests.Bookingstest" time="3.852" errors="0" timestamp="2026-05-27T16:27:56 IST" skipped="0">
  <testcase classname="Tests.Bookingstest" name="app_Login" time="1.357"/>
  <testcase classname="Tests.Bookingstest" name="app_Bookings" time="1.527"/>
  <testcase classname="Tests.Bookingstest" name="app_Booking_Option" time="0.394"/>
  <testcase classname="Tests.Bookingstest" name="app_payment_option" time="0.237"/>
  <testcase classname="Tests.Bookingstest" name="app_payment_option_selection" time="0.337"/>
</testsuite> <!-- Tests.Bookingstest -->
